[109666.929] 
X.Org X Server 1.20.4
X Protocol Version 11, Revision 0
[109666.929] Build Operating System: Linux 4.19.0-12-amd64 x86_64 Debian
[109666.929] Current Operating System: Linux tengine 4.19.0-13-amd64 #1 SMP Debian 4.19.160-2 (2020-11-28) x86_64
[109666.929] Kernel command line: BOOT_IMAGE=/boot/vmlinuz-4.19.0-13-amd64 root=UUID=5f327c33-493b-469a-adf0-03ff001bfdac ro quiet
[109666.929] Build Date: 01 December 2020  05:59:57PM
[109666.929] xorg-server 2:1.20.4-1+deb10u2 (https://www.debian.org/support) 
[109666.929] Current version of pixman: 0.36.0
[109666.929] 	Before reporting problems, check http://wiki.x.org
	to make sure that you have the latest version.
[109666.929] Markers: (--) probed, (**) from config file, (==) default setting,
	(++) from command line, (!!) notice, (II) informational,
	(WW) warning, (EE) error, (NI) not implemented, (??) unknown.
[109666.930] (==) Log file: "/home/ghost/.local/share/xorg/Xorg.0.log", Time: Sun Jan  3 21:29:29 2021
[109666.930] (==) Using config directory: "/etc/X11/xorg.conf.d"
[109666.930] (==) Using system config directory "/usr/share/X11/xorg.conf.d"
[109666.930] (==) No Layout section.  Using the first Screen section.
[109666.930] (==) No screen section available. Using defaults.
[109666.930] (**) |-->Screen "Default Screen Section" (0)
[109666.930] (**) |   |-->Monitor "<default monitor>"
[109666.930] (==) No monitor specified for screen "Default Screen Section".
	Using a default monitor configuration.
[109666.930] (==) Automatically adding devices
[109666.930] (==) Automatically enabling devices
[109666.930] (==) Automatically adding GPU devices
[109666.930] (==) Max clients allowed: 256, resource mask: 0x1fffff
[109666.930] (WW) The directory "/usr/share/fonts/X11/cyrillic" does not exist.
[109666.930] 	Entry deleted from font path.
[109666.930] (==) FontPath set to:
	/usr/share/fonts/X11/misc,
	/usr/share/fonts/X11/100dpi/:unscaled,
	/usr/share/fonts/X11/75dpi/:unscaled,
	/usr/share/fonts/X11/Type1,
	/usr/share/fonts/X11/100dpi,
	/usr/share/fonts/X11/75dpi,
	built-ins
[109666.930] (==) ModulePath set to "/usr/lib/xorg/modules"
[109666.930] (II) The server relies on udev to provide the list of input devices.
	If no devices become available, reconfigure udev or disable AutoAddDevices.
[109666.930] (II) Loader magic: 0x564620310e20
[109666.930] (II) Module ABI versions:
[109666.930] 	X.Org ANSI C Emulation: 0.4
[109666.930] 	X.Org Video Driver: 24.0
[109666.930] 	X.Org XInput driver : 24.1
[109666.930] 	X.Org Server Extension : 10.0
[109666.931] (++) using VT number 1

[109666.934] (II) systemd-logind: took control of session /org/freedesktop/login1/session/_3238
[109666.935] (II) xfree86: Adding drm device (/dev/dri/card0)
[109666.935] (II) systemd-logind: got fd for /dev/dri/card0 226:0 fd 11 paused 0
[109666.940] (--) PCI:*(0@0:15:0) 15ad:0405:15ad:0405 rev 0, Mem @ 0xe8000000/134217728, 0xfe000000/8388608, I/O @ 0x00001070/16, BIOS @ 0x????????/131072
[109666.940] (II) LoadModule: "glx"
[109666.940] (II) Loading /usr/lib/xorg/modules/extensions/libglx.so
[109666.941] (II) Module glx: vendor="X.Org Foundation"
[109666.941] 	compiled for 1.20.4, module version = 1.0.0
[109666.941] 	ABI class: X.Org Server Extension, version 10.0
[109666.941] (==) Matched vmware as autoconfigured driver 0
[109666.941] (==) Matched modesetting as autoconfigured driver 1
[109666.941] (==) Matched fbdev as autoconfigured driver 2
[109666.941] (==) Matched vesa as autoconfigured driver 3
[109666.941] (==) Assigned the driver to the xf86ConfigLayout
[109666.941] (II) LoadModule: "vmware"
[109666.941] (II) Loading /usr/lib/xorg/modules/drivers/vmware_drv.so
[109666.960] (II) Module vmware: vendor="X.Org Foundation"
[109666.960] 	compiled for 1.20.0, module version = 13.3.0
[109666.960] 	Module class: X.Org Video Driver
[109666.960] 	ABI class: X.Org Video Driver, version 24.0
[109666.960] (II) LoadModule: "modesetting"
[109666.960] (II) Loading /usr/lib/xorg/modules/drivers/modesetting_drv.so
[109666.960] (II) Module modesetting: vendor="X.Org Foundation"
[109666.960] 	compiled for 1.20.4, module version = 1.20.4
[109666.960] 	Module class: X.Org Video Driver
[109666.960] 	ABI class: X.Org Video Driver, version 24.0
[109666.960] (II) LoadModule: "fbdev"
[109666.960] (II) Loading /usr/lib/xorg/modules/drivers/fbdev_drv.so
[109666.960] (II) Module fbdev: vendor="X.Org Foundation"
[109666.960] 	compiled for 1.20.0, module version = 0.5.0
[109666.961] 	Module class: X.Org Video Driver
[109666.961] 	ABI class: X.Org Video Driver, version 24.0
[109666.961] (II) LoadModule: "vesa"
[109666.961] (II) Loading /usr/lib/xorg/modules/drivers/vesa_drv.so
[109666.961] (II) Module vesa: vendor="X.Org Foundation"
[109666.961] 	compiled for 1.20.1, module version = 2.4.0
[109666.961] 	Module class: X.Org Video Driver
[109666.961] 	ABI class: X.Org Video Driver, version 24.0
[109666.961] (II) vmware: driver for VMware SVGA: vmware0405, vmware0710
[109666.961] (II) modesetting: Driver for Modesetting Kernel Drivers: kms
[109666.961] (II) FBDEV: driver for framebuffer: fbdev
[109666.961] (II) VESA: driver for VESA chipsets: vesa
[109666.961] xf86EnableIOPorts: failed to set IOPL for I/O (Operation not permitted)
[109666.961] (WW) Falling back to old probe method for modesetting
[109666.961] (WW) Falling back to old probe method for fbdev
[109666.961] (II) Loading sub module "fbdevhw"
[109666.961] (II) LoadModule: "fbdevhw"
[109666.961] (II) Loading /usr/lib/xorg/modules/libfbdevhw.so
[109666.961] (II) Module fbdevhw: vendor="X.Org Foundation"
[109666.961] 	compiled for 1.20.4, module version = 0.0.2
[109666.961] 	ABI class: X.Org Video Driver, version 24.0
[109666.961] (WW) VGA arbiter: cannot open kernel arbiter, no multi-card support
[109666.961] (II) vmware(0): Creating default Display subsection in Screen section
	"Default Screen Section" for depth/fbbpp 24/32
[109666.961] (--) vmware(0): DRM driver version is 2.15.0
[109666.961] (==) vmware(0): Depth 24, (--) framebuffer bpp 32
[109666.961] (==) vmware(0): RGB weight 888
[109666.961] (==) vmware(0): Default visual is TrueColor
[109666.961] (--) vmware(0): Min width 1, Max Width 8192.
[109666.961] (--) vmware(0): Min height 1, Max Height 8192.
[109666.961] (II) vmware(0): Output Virtual1 has no monitor section
[109666.961] (II) vmware(0): Output Virtual2 has no monitor section
[109666.961] (II) vmware(0): Output Virtual3 has no monitor section
[109666.961] (II) vmware(0): Output Virtual4 has no monitor section
[109666.961] (II) vmware(0): Output Virtual5 has no monitor section
[109666.961] (II) vmware(0): Output Virtual6 has no monitor section
[109666.961] (II) vmware(0): Output Virtual7 has no monitor section
[109666.961] (II) vmware(0): Output Virtual8 has no monitor section
[109666.962] (II) vmware(0): Printing probed modes for output Virtual1
[109666.962] (II) vmware(0): Modeline "800x600"x60.0   42.75  800 850 900 950  600 650 700 750 -hsync +vsync (45.0 kHz eP)
[109666.962] (II) vmware(0): Modeline "2560x1600"x60.0  348.50  2560 2752 3032 3504  1600 1603 1609 1658 -hsync +vsync (99.5 kHz e)
[109666.962] (II) vmware(0): Modeline "1920x1440"x60.0  234.00  1920 2048 2256 2600  1440 1441 1444 1500 -hsync +vsync (90.0 kHz e)
[109666.962] (II) vmware(0): Modeline "1856x1392"x60.0  218.25  1856 1952 2176 2528  1392 1393 1396 1439 -hsync +vsync (86.3 kHz e)
[109666.962] (II) vmware(0): Modeline "1792x1344"x60.0  204.75  1792 1920 2120 2448  1344 1345 1348 1394 -hsync +vsync (83.6 kHz e)
[109666.962] (II) vmware(0): Modeline "1920x1200"x59.9  193.25  1920 2056 2256 2592  1200 1203 1209 1245 -hsync +vsync (74.6 kHz e)
[109666.962] (II) vmware(0): Modeline "1600x1200"x60.0  162.00  1600 1664 1856 2160  1200 1201 1204 1250 +hsync +vsync (75.0 kHz e)
[109666.962] (II) vmware(0): Modeline "1680x1050"x60.0  146.25  1680 1784 1960 2240  1050 1053 1059 1089 -hsync +vsync (65.3 kHz e)
[109666.962] (II) vmware(0): Modeline "1400x1050"x60.0  121.75  1400 1488 1632 1864  1050 1053 1057 1089 -hsync +vsync (65.3 kHz e)
[109666.962] (II) vmware(0): Modeline "1280x1024"x60.0  108.00  1280 1328 1440 1688  1024 1025 1028 1066 +hsync +vsync (64.0 kHz e)
[109666.962] (II) vmware(0): Modeline "1440x900"x59.9  106.50  1440 1520 1672 1904  900 903 909 934 -hsync +vsync (55.9 kHz e)
[109666.962] (II) vmware(0): Modeline "1280x960"x60.0  108.00  1280 1376 1488 1800  960 961 964 1000 +hsync +vsync (60.0 kHz e)
[109666.962] (II) vmware(0): Modeline "1360x768"x60.0   85.50  1360 1424 1536 1792  768 771 777 795 +hsync +vsync (47.7 kHz e)
[109666.962] (II) vmware(0): Modeline "1280x800"x59.8   83.50  1280 1352 1480 1680  800 803 809 831 +hsync -vsync (49.7 kHz e)
[109666.962] (II) vmware(0): Modeline "1152x864"x75.0  108.00  1152 1216 1344 1600  864 865 868 900 +hsync +vsync (67.5 kHz e)
[109666.962] (II) vmware(0): Modeline "1280x768"x59.9   79.50  1280 1344 1472 1664  768 771 778 798 -hsync +vsync (47.8 kHz e)
[109666.962] (II) vmware(0): Modeline "1024x768"x60.0   65.00  1024 1048 1184 1344  768 771 777 806 -hsync -vsync (48.4 kHz e)
[109666.962] (II) vmware(0): Modeline "800x600"x60.3   40.00  800 840 968 1056  600 601 605 628 +hsync +vsync (37.9 kHz e)
[109666.962] (II) vmware(0): Modeline "640x480"x59.9   25.18  640 656 752 800  480 489 492 525 -hsync -vsync (31.5 kHz e)
[109666.962] (II) vmware(0): EDID for output Virtual2
[109666.962] (II) vmware(0): EDID for output Virtual3
[109666.962] (II) vmware(0): EDID for output Virtual4
[109666.962] (II) vmware(0): EDID for output Virtual5
[109666.962] (II) vmware(0): EDID for output Virtual6
[109666.962] (II) vmware(0): EDID for output Virtual7
[109666.962] (II) vmware(0): EDID for output Virtual8
[109666.962] (II) vmware(0): Output Virtual1 connected
[109666.962] (II) vmware(0): Output Virtual2 disconnected
[109666.962] (II) vmware(0): Output Virtual3 disconnected
[109666.962] (II) vmware(0): Output Virtual4 disconnected
[109666.962] (II) vmware(0): Output Virtual5 disconnected
[109666.962] (II) vmware(0): Output Virtual6 disconnected
[109666.962] (II) vmware(0): Output Virtual7 disconnected
[109666.962] (II) vmware(0): Output Virtual8 disconnected
[109666.962] (II) vmware(0): Using exact sizes for initial modes
[109666.962] (II) vmware(0): Output Virtual1 using initial mode 800x600 +0+0
[109666.962] (==) vmware(0): DPI set to (96, 96)
[109666.962] (==) vmware(0): Using gamma correction (1.0, 1.0, 1.0)
[109666.962] (II) Loading sub module "fb"
[109666.962] (II) LoadModule: "fb"
[109666.962] (II) Loading /usr/lib/xorg/modules/libfb.so
[109666.962] (II) Module fb: vendor="X.Org Foundation"
[109666.962] 	compiled for 1.20.4, module version = 1.0.0
[109666.962] 	ABI class: X.Org ANSI C Emulation, version 0.4
[109666.962] (II) Loading sub module "dri2"
[109666.962] (II) LoadModule: "dri2"
[109666.962] (II) Module "dri2" already built-in
[109666.962] (II) Loading sub module "dri3"
[109666.962] (II) LoadModule: "dri3"
[109666.962] (II) Module "dri3" already built-in
[109666.962] (II) UnloadModule: "modesetting"
[109666.962] (II) Unloading modesetting
[109666.962] (II) UnloadModule: "fbdev"
[109666.962] (II) Unloading fbdev
[109666.962] (II) UnloadSubModule: "fbdevhw"
[109666.962] (II) Unloading fbdevhw
[109666.962] (II) UnloadModule: "vesa"
[109666.962] (II) Unloading vesa
[109666.962] (II) vmware(0): Initialized VMWARE_CTRL extension version 0.2
[109666.964] (WW) vmware(0): Failed to initialize Gallium3D Xa. No render acceleration available.
[109666.964] (WW) vmware(0): Skipped initialization of direct rendering due to lack of render acceleration.
[109666.964] (--) vmware(0): Render acceleration is disabled.
[109666.964] (==) vmware(0): Rendercheck mode is disabled.
[109666.964] (--) vmware(0): Direct rendering (DRI2 3D) is disabled.
[109666.964] (--) vmware(0): Direct rendering (DRI3 3D) is disabled.
[109666.964] (==) vmware(0): Backing store enabled
[109666.964] (==) vmware(0): Silken mouse enabled
[109666.964] (==) vmware(0): DPMS enabled
[109666.964] (II) vmware(0): No 3D acceleration. Not setting up textured video.
[109666.964] (II) Initializing extension Generic Event Extension
[109666.964] (II) Initializing extension SHAPE
[109666.965] (II) Initializing extension MIT-SHM
[109666.965] (II) Initializing extension XInputExtension
[109666.965] (II) Initializing extension XTEST
[109666.965] (II) Initializing extension BIG-REQUESTS
[109666.965] (II) Initializing extension SYNC
[109666.965] (II) Initializing extension XKEYBOARD
[109666.965] (II) Initializing extension XC-MISC
[109666.965] (II) Initializing extension SECURITY
[109666.965] (II) Initializing extension XFIXES
[109666.965] (II) Initializing extension RENDER
[109666.965] (II) Initializing extension RANDR
[109666.966] (II) Initializing extension COMPOSITE
[109666.966] (II) Initializing extension DAMAGE
[109666.966] (II) Initializing extension MIT-SCREEN-SAVER
[109666.966] (II) Initializing extension DOUBLE-BUFFER
[109666.966] (II) Initializing extension RECORD
[109666.966] (II) Initializing extension DPMS
[109666.966] (II) Initializing extension Present
[109666.966] (II) Initializing extension DRI3
[109666.966] (II) Initializing extension X-Resource
[109666.966] (II) Initializing extension XVideo
[109666.966] (II) Initializing extension XVideo-MotionCompensation
[109666.966] (II) Initializing extension SELinux
[109666.966] (II) SELinux: Disabled on system
[109666.966] (II) Initializing extension GLX
[109666.967] (II) AIGLX: Screen 0 is not DRI2 capable
[109666.970] (II) IGLX: Loaded and initialized swrast
[109666.970] (II) GLX: Initialized DRISWRAST GL provider for screen 0
[109666.970] (II) Initializing extension XFree86-VidModeExtension
[109666.970] (II) Initializing extension XFree86-DGA
[109666.971] (II) Initializing extension XFree86-DRI
[109666.971] (II) Initializing extension DRI2
[109666.972] (II) vmware(0): Setting screen physical size to 211 x 158
[109667.005] (II) config/udev: Adding input device Power Button (/dev/input/event1)
[109667.005] (**) Power Button: Applying InputClass "libinput keyboard catchall"
[109667.005] (**) Power Button: Applying InputClass "pointer:VMware VMware Virtual USB Mouse"
[109667.005] (II) LoadModule: "libinput"
[109667.006] (II) Loading /usr/lib/xorg/modules/input/libinput_drv.so
[109667.009] (II) Module libinput: vendor="X.Org Foundation"
[109667.009] 	compiled for 1.20.4, module version = 0.28.2
[109667.009] 	Module class: X.Org XInput Driver
[109667.009] 	ABI class: X.Org XInput driver, version 24.1
[109667.009] (II) Using input driver 'libinput' for 'Power Button'
[109667.010] (II) systemd-logind: got fd for /dev/input/event1 13:65 fd 19 paused 0
[109667.010] (**) Power Button: always reports core events
[109667.010] (**) Option "Device" "/dev/input/event1"
[109667.010] (**) Option "_source" "server/udev"
[109667.011] (II) event1  - Power Button: is tagged by udev as: Keyboard
[109667.011] (II) event1  - Power Button: device is a keyboard
[109667.012] (II) event1  - Power Button: device removed
[109667.012] (**) Option "config_info" "udev:/sys/devices/LNXSYSTM:00/LNXPWRBN:00/input/input2/event1"
[109667.012] (II) XINPUT: Adding extended input device "Power Button" (type: KEYBOARD, id 6)
[109667.012] (**) Option "xkb_model" "pc105"
[109667.012] (**) Option "xkb_layout" "hu"
[109667.027] (II) event1  - Power Button: is tagged by udev as: Keyboard
[109667.027] (II) event1  - Power Button: device is a keyboard
[109667.029] (II) config/udev: Adding input device VMware VMware Virtual USB Mouse (/dev/input/event4)
[109667.029] (**) VMware VMware Virtual USB Mouse: Applying InputClass "libinput pointer catchall"
[109667.029] (**) VMware VMware Virtual USB Mouse: Applying InputClass "pointer:VMware VMware Virtual USB Mouse"
[109667.029] (II) Using input driver 'libinput' for 'VMware VMware Virtual USB Mouse'
[109667.087] (II) systemd-logind: got fd for /dev/input/event4 13:68 fd 22 paused 0
[109667.087] (**) VMware VMware Virtual USB Mouse: always reports core events
[109667.087] (**) Option "Device" "/dev/input/event4"
[109667.087] (**) Option "_source" "server/udev"
[109667.089] (II) event4  - VMware VMware Virtual USB Mouse: is tagged by udev as: Mouse
[109667.090] (II) event4  - VMware VMware Virtual USB Mouse: device is a pointer
[109667.090] (II) event4  - VMware VMware Virtual USB Mouse: device removed
[109667.090] (**) Option "NaturalScrolling" "false"
[109667.090] (**) Option "config_info" "udev:/sys/devices/pci0000:00/0000:00:11.0/0000:02:00.0/usb2/2-1/2-1:1.0/0003:0E0F:0003.0001/input/input5/event4"
[109667.090] (II) XINPUT: Adding extended input device "VMware VMware Virtual USB Mouse" (type: MOUSE, id 7)
[109667.090] (**) Option "AccelerationScheme" "none"
[109667.090] (**) VMware VMware Virtual USB Mouse: (accel) selected scheme none/0
[109667.090] (**) VMware VMware Virtual USB Mouse: (accel) acceleration factor: 2.000
[109667.090] (**) VMware VMware Virtual USB Mouse: (accel) acceleration threshold: 4
[109667.092] (II) event4  - VMware VMware Virtual USB Mouse: is tagged by udev as: Mouse
[109667.092] (II) event4  - VMware VMware Virtual USB Mouse: device is a pointer
[109667.093] (II) config/udev: Adding input device VMware VMware Virtual USB Mouse (/dev/input/mouse2)
[109667.093] (**) VMware VMware Virtual USB Mouse: Applying InputClass "pointer:VMware VMware Virtual USB Mouse"
[109667.093] (II) Using input driver 'libinput' for 'VMware VMware Virtual USB Mouse'
[109667.093] (**) VMware VMware Virtual USB Mouse: always reports core events
[109667.093] (**) Option "Device" "/dev/input/mouse2"
[109667.093] (**) Option "_source" "server/udev"
[109667.093] (EE) xf86OpenSerial: Cannot open device /dev/input/mouse2
	Permission denied.
[109667.093] (II) mouse2: opening input device '/dev/input/mouse2' failed (Permission denied).
[109667.093] (II) mouse2  - failed to create input device '/dev/input/mouse2'.
[109667.093] (EE) libinput: VMware VMware Virtual USB Mouse: Failed to create a device for /dev/input/mouse2
[109667.093] (EE) PreInit returned 2 for "VMware VMware Virtual USB Mouse"
[109667.093] (II) UnloadModule: "libinput"
[109667.094] (II) config/udev: Adding input device AT Translated Set 2 keyboard (/dev/input/event0)
[109667.094] (**) AT Translated Set 2 keyboard: Applying InputClass "libinput keyboard catchall"
[109667.094] (**) AT Translated Set 2 keyboard: Applying InputClass "pointer:VMware VMware Virtual USB Mouse"
[109667.094] (II) Using input driver 'libinput' for 'AT Translated Set 2 keyboard'
[109667.095] (II) systemd-logind: got fd for /dev/input/event0 13:64 fd 23 paused 0
[109667.095] (**) AT Translated Set 2 keyboard: always reports core events
[109667.095] (**) Option "Device" "/dev/input/event0"
[109667.095] (**) Option "_source" "server/udev"
[109667.096] (II) event0  - AT Translated Set 2 keyboard: is tagged by udev as: Keyboard
[109667.096] (II) event0  - AT Translated Set 2 keyboard: device is a keyboard
[109667.097] (II) event0  - AT Translated Set 2 keyboard: device removed
[109667.097] (**) Option "config_info" "udev:/sys/devices/platform/i8042/serio0/input/input0/event0"
[109667.097] (II) XINPUT: Adding extended input device "AT Translated Set 2 keyboard" (type: KEYBOARD, id 8)
[109667.097] (**) Option "xkb_model" "pc105"
[109667.097] (**) Option "xkb_layout" "hu"
[109667.098] (II) event0  - AT Translated Set 2 keyboard: is tagged by udev as: Keyboard
[109667.098] (II) event0  - AT Translated Set 2 keyboard: device is a keyboard
[109667.099] (II) config/udev: Adding input device VirtualPS/2 VMware VMMouse (/dev/input/event3)
[109667.099] (**) VirtualPS/2 VMware VMMouse: Applying InputClass "libinput pointer catchall"
[109667.099] (**) VirtualPS/2 VMware VMMouse: Applying InputClass "pointer:VMware VMware Virtual USB Mouse"
[109667.099] (II) Using input driver 'libinput' for 'VirtualPS/2 VMware VMMouse'
[109667.101] (II) systemd-logind: got fd for /dev/input/event3 13:67 fd 24 paused 0
[109667.101] (**) VirtualPS/2 VMware VMMouse: always reports core events
[109667.101] (**) Option "Device" "/dev/input/event3"
[109667.101] (**) Option "_source" "server/udev"
[109667.102] (II) event3  - VirtualPS/2 VMware VMMouse: is tagged by udev as: Mouse
[109667.102] (II) event3  - VirtualPS/2 VMware VMMouse: device is a pointer
[109667.102] (II) event3  - VirtualPS/2 VMware VMMouse: device removed
[109667.102] (**) Option "NaturalScrolling" "false"
[109667.102] (**) Option "config_info" "udev:/sys/devices/platform/i8042/serio1/input/input3/event3"
[109667.102] (II) XINPUT: Adding extended input device "VirtualPS/2 VMware VMMouse" (type: MOUSE, id 9)
[109667.103] (**) Option "AccelerationScheme" "none"
[109667.103] (**) VirtualPS/2 VMware VMMouse: (accel) selected scheme none/0
[109667.103] (**) VirtualPS/2 VMware VMMouse: (accel) acceleration factor: 2.000
[109667.103] (**) VirtualPS/2 VMware VMMouse: (accel) acceleration threshold: 4
[109667.104] (II) event3  - VirtualPS/2 VMware VMMouse: is tagged by udev as: Mouse
[109667.104] (II) event3  - VirtualPS/2 VMware VMMouse: device is a pointer
[109667.104] (II) config/udev: Adding input device VirtualPS/2 VMware VMMouse (/dev/input/mouse1)
[109667.104] (**) VirtualPS/2 VMware VMMouse: Applying InputClass "pointer:VMware VMware Virtual USB Mouse"
[109667.104] (II) Using input driver 'libinput' for 'VirtualPS/2 VMware VMMouse'
[109667.104] (**) VirtualPS/2 VMware VMMouse: always reports core events
[109667.105] (**) Option "Device" "/dev/input/mouse1"
[109667.105] (**) Option "_source" "server/udev"
[109667.105] (EE) xf86OpenSerial: Cannot open device /dev/input/mouse1
	Permission denied.
[109667.105] (II) mouse1: opening input device '/dev/input/mouse1' failed (Permission denied).
[109667.105] (II) mouse1  - failed to create input device '/dev/input/mouse1'.
[109667.105] (EE) libinput: VirtualPS/2 VMware VMMouse: Failed to create a device for /dev/input/mouse1
[109667.105] (EE) PreInit returned 2 for "VirtualPS/2 VMware VMMouse"
[109667.105] (II) UnloadModule: "libinput"
[109667.105] (II) config/udev: Adding input device VirtualPS/2 VMware VMMouse (/dev/input/event2)
[109667.105] (**) VirtualPS/2 VMware VMMouse: Applying InputClass "libinput pointer catchall"
[109667.105] (**) VirtualPS/2 VMware VMMouse: Applying InputClass "pointer:VMware VMware Virtual USB Mouse"
[109667.105] (II) Using input driver 'libinput' for 'VirtualPS/2 VMware VMMouse'
[109667.107] (II) systemd-logind: got fd for /dev/input/event2 13:66 fd 25 paused 0
[109667.107] (**) VirtualPS/2 VMware VMMouse: always reports core events
[109667.107] (**) Option "Device" "/dev/input/event2"
[109667.107] (**) Option "_source" "server/udev"
[109667.109] (II) event2  - VirtualPS/2 VMware VMMouse: is tagged by udev as: Mouse
[109667.109] (II) event2  - VirtualPS/2 VMware VMMouse: device is a pointer
[109667.109] (II) event2  - VirtualPS/2 VMware VMMouse: device removed
[109667.109] (**) Option "NaturalScrolling" "false"
[109667.109] (**) Option "config_info" "udev:/sys/devices/platform/i8042/serio1/input/input4/event2"
[109667.109] (II) XINPUT: Adding extended input device "VirtualPS/2 VMware VMMouse" (type: MOUSE, id 10)
[109667.109] (**) Option "AccelerationScheme" "none"
[109667.109] (**) VirtualPS/2 VMware VMMouse: (accel) selected scheme none/0
[109667.109] (**) VirtualPS/2 VMware VMMouse: (accel) acceleration factor: 2.000
[109667.109] (**) VirtualPS/2 VMware VMMouse: (accel) acceleration threshold: 4
[109667.110] (II) event2  - VirtualPS/2 VMware VMMouse: is tagged by udev as: Mouse
[109667.110] (II) event2  - VirtualPS/2 VMware VMMouse: device is a pointer
[109667.111] (II) config/udev: Adding input device VirtualPS/2 VMware VMMouse (/dev/input/mouse0)
[109667.111] (**) VirtualPS/2 VMware VMMouse: Applying InputClass "pointer:VMware VMware Virtual USB Mouse"
[109667.111] (II) Using input driver 'libinput' for 'VirtualPS/2 VMware VMMouse'
[109667.111] (**) VirtualPS/2 VMware VMMouse: always reports core events
[109667.111] (**) Option "Device" "/dev/input/mouse0"
[109667.111] (**) Option "_source" "server/udev"
[109667.111] (EE) xf86OpenSerial: Cannot open device /dev/input/mouse0
	Permission denied.
[109667.111] (II) mouse0: opening input device '/dev/input/mouse0' failed (Permission denied).
[109667.111] (II) mouse0  - failed to create input device '/dev/input/mouse0'.
[109667.111] (EE) libinput: VirtualPS/2 VMware VMMouse: Failed to create a device for /dev/input/mouse0
[109667.111] (EE) PreInit returned 2 for "VirtualPS/2 VMware VMMouse"
[109667.111] (II) UnloadModule: "libinput"
[109667.112] (II) config/udev: Adding input device PC Speaker (/dev/input/event5)
[109667.112] (**) PC Speaker: Applying InputClass "pointer:VMware VMware Virtual USB Mouse"
[109667.112] (II) Using input driver 'libinput' for 'PC Speaker'
[109667.113] (II) systemd-logind: got fd for /dev/input/event5 13:69 fd 26 paused 0
[109667.113] (**) PC Speaker: always reports core events
[109667.113] (**) Option "Device" "/dev/input/event5"
[109667.113] (**) Option "_source" "server/udev"
[109667.114] (II) event5  - PC Speaker: not tagged as supported input device
[109667.114] (II) event5  - not using input device '/dev/input/event5'.
[109667.114] (EE) libinput: PC Speaker: Failed to create a device for /dev/input/event5
[109667.114] (EE) PreInit returned 2 for "PC Speaker"
[109667.114] (II) UnloadModule: "libinput"
[109667.114] (II) systemd-logind: releasing fd for 13:69
[109667.201] (EE) No surface to present from.
